10:38:37:356 [09884] | INFO  | Initializing crosire's ReShade version '4.2.1.543' (64-bit) built on '2019-03-04 22:39:28' loaded from "C:\ETS\bin\win_x64\d3d9.dll" to "C:\ETS\bin\win_x64\eurotrucks2.exe" ...
10:38:37:396 [09884] | INFO  | Registering hooks for "user32.dll" ...
10:38:37:396 [09884] | INFO  | > Libraries loaded.
10:38:37:398 [09884] | INFO  | > Found 13 match(es). Installing ...
10:38:37:409 [09884] | INFO  | Registering hooks for "ws2_32.dll" ...
10:38:37:409 [09884] | INFO  | > Libraries loaded.
10:38:37:409 [09884] | INFO  | > Found 8 match(es). Installing ...
10:38:37:423 [09884] | INFO  | Registering hooks for "C:\Windows\system32\d3d9.dll" ...
10:38:37:423 [09884] | INFO  | > Delayed until first call to an exported function.
10:38:37:423 [09884] | INFO  | Registering hooks for "C:\Windows\system32\d3d10.dll" ...
10:38:37:423 [09884] | INFO  | > Delayed.
10:38:37:423 [09884] | INFO  | Registering hooks for "C:\Windows\system32\d3d10_1.dll" ...
10:38:37:424 [09884] | INFO  | > Delayed.
10:38:37:424 [09884] | INFO  | Registering hooks for "C:\Windows\system32\d3d11.dll" ...
10:38:37:424 [09884] | INFO  | > Libraries loaded.
10:38:37:424 [09884] | INFO  | > Found 2 match(es). Installing ...
10:38:37:434 [09884] | INFO  | Registering hooks for "C:\Windows\system32\dxgi.dll" ...
10:38:37:434 [09884] | INFO  | > Libraries loaded.
10:38:37:434 [09884] | INFO  | > Found 7 match(es). Installing ...
10:38:37:445 [09884] | INFO  | Registering hooks for "C:\Windows\system32\opengl32.dll" ...
10:38:37:445 [09884] | INFO  | > Delayed.
10:38:37:445 [09884] | INFO  | Initialized.
10:38:37:446 [09884] | INFO  | Redirecting Direct3DCreate9Ex(32, 0000014FFA197CD0) ...
10:38:37:447 [09884] | INFO  | Installing export hooks for "C:\Windows\system32\d3d9.dll" ...
10:38:37:447 [09884] | INFO  | > Found 9 match(es). Installing ...
10:38:37:488 [09884] | INFO  | Redirecting CreateDXGIFactory({7B7166EC-21C7-44AE-B21A-C9AE321AE369}, 00000006000FE1D0) ...
10:38:37:488 [09884] | INFO  | > Passing on to CreateDXGIFactory1:
10:38:37:488 [09884] | INFO  | Redirecting CreateDXGIFactory1({7B7166EC-21C7-44AE-B21A-C9AE321AE369}, 00000006000FE1D0) ...
10:38:37:532 [09884] | INFO  | Redirecting IDirect3D9Ex::CreateDeviceEx(0000014FDA0BBE40, 0, 1, 00000000000B0814, 0x52, 00000006000FE4B0, 0000000000000000, 0000014FFA197CE0) ...
10:38:37:532 [09884] | INFO  | > Dumping presentation parameters:
10:38:37:532 [09884] | INFO  |   +-----------------------------------------+-----------------------------------------+
10:38:37:532 [09884] | INFO  |   | Parameter                               | Value                                   |
10:38:37:532 [09884] | INFO  |   +-----------------------------------------+-----------------------------------------+
10:38:37:532 [09884] | INFO  |   | BackBufferWidth                         | 0                                       |
10:38:37:532 [09884] | INFO  |   | BackBufferHeight                        | 0                                       |
10:38:37:532 [09884] | INFO  |   | BackBufferFormat                        | 21                                      |
10:38:37:532 [09884] | INFO  |   | BackBufferCount                         | 1                                       |
10:38:37:532 [09884] | INFO  |   | MultiSampleType                         | 0                                       |
10:38:37:532 [09884] | INFO  |   | MultiSampleQuality                      | 0                                       |
10:38:37:532 [09884] | INFO  |   | SwapEffect                              | 1                                       |
10:38:37:532 [09884] | INFO  |   | DeviceWindow                            | 00000000000B0814                        |
10:38:37:532 [09884] | INFO  |   | Windowed                                | TRUE                                    |
10:38:37:532 [09884] | INFO  |   | EnableAutoDepthStencil                  | TRUE                                    |
10:38:37:532 [09884] | INFO  |   | AutoDepthStencilFormat                  | 75                                      |
10:38:37:532 [09884] | INFO  |   | Flags                                   | 0x2                                     |
10:38:37:532 [09884] | INFO  |   | FullScreen_RefreshRateInHz              | 0                                       |
10:38:37:533 [09884] | INFO  |   | PresentationInterval                    | 0x80000000                              |
10:38:37:533 [09884] | INFO  |   +-----------------------------------------+-----------------------------------------+
10:38:38:234 [09884] | INFO  | Recreated runtime environment on runtime 0000014FDA364DA0.
10:38:38:564 [05276] | INFO  | Successfully loaded "C:\ETS\bin\win_x64\reshade-shaders\Shaders\ColorMatrix.fx".
10:38:38:569 [07324] | INFO  | Successfully loaded "C:\ETS\bin\win_x64\reshade-shaders\Shaders\FakeHDR.fx".
10:38:38:569 [04616] | INFO  | Successfully loaded "C:\ETS\bin\win_x64\reshade-shaders\Shaders\Colourfulness.fx".
10:38:38:569 [01448] | INFO  | Successfully loaded "C:\ETS\bin\win_x64\reshade-shaders\Shaders\Levels.fx".
10:38:38:571 [08412] | INFO  | Successfully loaded "C:\ETS\bin\win_x64\reshade-shaders\Shaders\DPX.fx".
10:38:38:575 [07032] | INFO  | Successfully loaded "C:\ETS\bin\win_x64\reshade-shaders\Shaders\Clarity.fx".
10:38:38:578 [09572] | INFO  | Successfully loaded "C:\ETS\bin\win_x64\reshade-shaders\Shaders\LumaSharpen.fx".
10:38:38:578 [04832] | INFO  | Successfully loaded "C:\ETS\bin\win_x64\reshade-shaders\Shaders\Technicolor.fx".
10:38:38:581 [04368] | INFO  | Successfully loaded "C:\ETS\bin\win_x64\reshade-shaders\Shaders\LevelsPlus.fx".
10:38:38:583 [09248] | INFO  | Successfully loaded "C:\ETS\bin\win_x64\reshade-shaders\Shaders\Vignette.fx".
10:38:38:583 [01048] | INFO  | Successfully loaded "C:\ETS\bin\win_x64\reshade-shaders\Shaders\Technicolor2.fx".
10:38:38:985 [09884] | INFO  | Loading image files for textures ...
10:44:50:563 [09884] | INFO  | Destroyed runtime environment on runtime 0000014FDA364DA0.
10:44:50:889 [09884] | INFO  | Exiting ...
10:44:50:889 [09884] | INFO  | Uninstalling 49 hook(s) ...
10:44:50:901 [09884] | INFO  | Exited.
