03:26:41:822 [03192] | INFO  | Initializing crosire's ReShade version '4.4.2.701' (64-bit) built on '2019-11-06 21:37:44' loaded from "D:\Games\ETS\bin\win_x64\d3d9.dll" to "D:\Games\ETS\bin\win_x64\eurotrucks2.exe" ...
03:26:41:889 [03192] | INFO  | Registering hooks for "user32.dll" ...
03:26:41:889 [03192] | INFO  | > Libraries loaded.
03:26:41:889 [03192] | INFO  | > Found 13 match(es). Installing ...
03:26:41:904 [03192] | INFO  | Registering hooks for "ws2_32.dll" ...
03:26:41:904 [03192] | INFO  | > Libraries loaded.
03:26:41:904 [03192] | INFO  | > Found 8 match(es). Installing ...
03:26:41:915 [03192] | INFO  | Registering hooks for "C:\Windows\system32\d3d9.dll" ...
03:26:41:915 [03192] | INFO  | > Delayed until first call to an exported function.
03:26:41:915 [03192] | INFO  | Registering hooks for "C:\Windows\system32\d3d10.dll" ...
03:26:41:916 [03192] | INFO  | > Delayed.
03:26:41:916 [03192] | INFO  | Registering hooks for "C:\Windows\system32\d3d10_1.dll" ...
03:26:41:916 [03192] | INFO  | > Delayed.
03:26:41:916 [03192] | INFO  | Registering hooks for "C:\Windows\system32\d3d11.dll" ...
03:26:41:916 [03192] | INFO  | > Libraries loaded.
03:26:41:916 [03192] | INFO  | > Found 2 match(es). Installing ...
03:26:41:928 [03192] | INFO  | Registering hooks for "C:\Windows\system32\d3d12.dll" ...
03:26:41:929 [03192] | INFO  | > Delayed.
03:26:41:929 [03192] | INFO  | Registering hooks for "C:\Windows\system32\dxgi.dll" ...
03:26:41:929 [03192] | INFO  | > Libraries loaded.
03:26:41:929 [03192] | INFO  | > Found 7 match(es). Installing ...
03:26:41:942 [03192] | INFO  | Registering hooks for "C:\Windows\system32\opengl32.dll" ...
03:26:41:942 [03192] | INFO  | > Delayed.
03:26:41:942 [03192] | INFO  | Initialized.
03:26:41:942 [03192] | INFO  | Redirecting Direct3DCreate9Ex(SDKVersion = 32, ppD3D = 00000229DCA24F18) ...
03:26:41:945 [03192] | INFO  | Installing export hooks for "C:\Windows\system32\d3d9.dll" ...
03:26:41:945 [03192] | INFO  | > Found 9 match(es). Installing ...
03:26:41:988 [03192] | INFO  | Redirecting CreateDXGIFactory(riid = {7B7166EC-21C7-44AE-B21A-C9AE321AE369}, ppFactory = 000000506FCFE820) ...
03:26:41:988 [03192] | INFO  | > Passing on to CreateDXGIFactory1:
03:26:41:988 [03192] | INFO  | Redirecting CreateDXGIFactory1(riid = {7B7166EC-21C7-44AE-B21A-C9AE321AE369}, ppFactory = 000000506FCFE820) ...
03:26:42:042 [03192] | INFO  | Redirecting IDirect3D9Ex::CreateDeviceEx(this = 00000229862DAE80, Adapter = 0, DeviceType = 1, hFocusWindow = 0000000000060488, BehaviorFlags = 0x52, pPresentationParameters = 000000506FCFEB00, pFullscreenDisplayMode = 000000506FCFEA50, ppReturnedDeviceInterface = 00000229DCA24F28) ...
03:26:42:042 [03192] | INFO  | > Dumping presentation parameters:
03:26:42:042 [03192] | INFO  |   +-----------------------------------------+-----------------------------------------+
03:26:42:042 [03192] | INFO  |   | Parameter                               | Value                                   |
03:26:42:042 [03192] | INFO  |   +-----------------------------------------+-----------------------------------------+
03:26:42:042 [03192] | INFO  |   | BackBufferWidth                         | 1920                                    |
03:26:42:042 [03192] | INFO  |   | BackBufferHeight                        | 1080                                    |
03:26:42:042 [03192] | INFO  |   | BackBufferFormat                        | 21                                      |
03:26:42:042 [03192] | INFO  |   | BackBufferCount                         | 1                                       |
03:26:42:042 [03192] | INFO  |   | MultiSampleType                         | 0                                       |
03:26:42:042 [03192] | INFO  |   | MultiSampleQuality                      | 0                                       |
03:26:42:042 [03192] | INFO  |   | SwapEffect                              | 1                                       |
03:26:42:042 [03192] | INFO  |   | DeviceWindow                            | 0000000000060488                        |
03:26:42:042 [03192] | INFO  |   | Windowed                                | FALSE                                   |
03:26:42:042 [03192] | INFO  |   | EnableAutoDepthStencil                  | TRUE                                    |
03:26:42:042 [03192] | INFO  |   | AutoDepthStencilFormat                  | 75                                      |
03:26:42:042 [03192] | INFO  |   | Flags                                   | 0x2                                     |
03:26:42:042 [03192] | INFO  |   | FullScreen_RefreshRateInHz              | 60                                      |
03:26:42:042 [03192] | INFO  |   | PresentationInterval                    | 0x80000000                              |
03:26:42:042 [03192] | INFO  |   +-----------------------------------------+-----------------------------------------+
03:26:42:523 [03192] | INFO  | Recreated runtime environment on runtime 00000229865C7C50.
03:26:42:957 [07192] | INFO  | Successfully loaded "C:\ETS\bin\win_x64\reshade-shaders\Shaders\FakeHDR.fx".
03:26:42:959 [07832] | INFO  | Successfully loaded "C:\ETS\bin\win_x64\reshade-shaders\Shaders\Technicolor.fx".
03:26:42:960 [07192] | INFO  | Successfully loaded "C:\ETS\bin\win_x64\reshade-shaders\Shaders\Levels.fx".
03:26:42:966 [07192] | INFO  | Successfully loaded "C:\ETS\bin\win_x64\reshade-shaders\Shaders\LevelsPlus.fx".
03:26:42:966 [01244] | INFO  | Successfully loaded "C:\ETS\bin\win_x64\reshade-shaders\Shaders\Clarity.fx".
03:26:42:970 [01244] | INFO  | Successfully loaded "C:\ETS\bin\win_x64\reshade-shaders\Shaders\ColorMatrix.fx".
03:26:42:971 [07192] | INFO  | Successfully loaded "C:\ETS\bin\win_x64\reshade-shaders\Shaders\LumaSharpen.fx".
03:26:42:974 [07832] | INFO  | Successfully loaded "C:\ETS\bin\win_x64\reshade-shaders\Shaders\Technicolor2.fx".
03:26:42:974 [01244] | INFO  | Successfully loaded "C:\ETS\bin\win_x64\reshade-shaders\Shaders\Colourfulness.fx".
03:26:42:978 [07832] | INFO  | Successfully loaded "C:\ETS\bin\win_x64\reshade-shaders\Shaders\Tonemap.fx".
03:26:42:979 [01244] | INFO  | Successfully loaded "C:\ETS\bin\win_x64\reshade-shaders\Shaders\DPX.fx".
03:26:42:982 [07832] | INFO  | Successfully loaded "C:\ETS\bin\win_x64\reshade-shaders\Shaders\Vignette.fx".
03:26:43:297 [03192] | INFO  | Loading image files for textures ...
