21:02:40:517 [04356] | INFO  | Initializing crosire's ReShade version '4.2.1.543' (64-bit) built on '2019-03-04 22:39:28' loaded from "C:\ETS\bin\win_x64\d3d9.dll" to "C:\ETS\bin\win_x64\eurotrucks2.exe" ...
21:02:40:592 [04356] | INFO  | Registering hooks for "user32.dll" ...
21:02:40:592 [04356] | INFO  | > Libraries loaded.
21:02:40:593 [04356] | INFO  | > Found 13 match(es). Installing ...
21:02:40:612 [04356] | INFO  | Registering hooks for "ws2_32.dll" ...
21:02:40:612 [04356] | INFO  | > Libraries loaded.
21:02:40:612 [04356] | INFO  | > Found 8 match(es). Installing ...
21:02:40:625 [04356] | INFO  | Registering hooks for "C:\Windows\system32\d3d9.dll" ...
21:02:40:625 [04356] | INFO  | > Delayed until first call to an exported function.
21:02:40:625 [04356] | INFO  | Registering hooks for "C:\Windows\system32\d3d10.dll" ...
21:02:40:625 [04356] | INFO  | > Delayed.
21:02:40:626 [04356] | INFO  | Registering hooks for "C:\Windows\system32\d3d10_1.dll" ...
21:02:40:626 [04356] | INFO  | > Delayed.
21:02:40:626 [04356] | INFO  | Registering hooks for "C:\Windows\system32\d3d11.dll" ...
21:02:40:626 [04356] | INFO  | > Libraries loaded.
21:02:40:626 [04356] | INFO  | > Found 2 match(es). Installing ...
21:02:40:636 [04356] | INFO  | Registering hooks for "C:\Windows\system32\dxgi.dll" ...
21:02:40:636 [04356] | INFO  | > Libraries loaded.
21:02:40:636 [04356] | INFO  | > Found 7 match(es). Installing ...
21:02:40:645 [04356] | INFO  | Registering hooks for "C:\Windows\system32\opengl32.dll" ...
21:02:40:645 [04356] | INFO  | > Delayed.
21:02:40:645 [04356] | INFO  | Initialized.
21:02:40:645 [04356] | INFO  | Redirecting Direct3DCreate9Ex(32, 00000289F5FD1CD0) ...
21:02:40:648 [04356] | INFO  | Installing export hooks for "C:\Windows\system32\d3d9.dll" ...
21:02:40:648 [04356] | INFO  | > Found 9 match(es). Installing ...
21:02:40:682 [04356] | INFO  | Redirecting CreateDXGIFactory({7B7166EC-21C7-44AE-B21A-C9AE321AE369}, 000000CEF274E340) ...
21:02:40:682 [04356] | INFO  | > Passing on to CreateDXGIFactory1:
21:02:40:682 [04356] | INFO  | Redirecting CreateDXGIFactory1({7B7166EC-21C7-44AE-B21A-C9AE321AE369}, 000000CEF274E340) ...
21:02:40:729 [04356] | INFO  | Redirecting IDirect3D9Ex::CreateDeviceEx(00000289A3FE3E60, 0, 1, 00000000007C05DA, 0x52, 000000CEF274E620, 0000000000000000, 00000289F5FD1CE0) ...
21:02:40:729 [04356] | INFO  | > Dumping presentation parameters:
21:02:40:729 [04356] | INFO  |   +-----------------------------------------+-----------------------------------------+
21:02:40:729 [04356] | INFO  |   | Parameter                               | Value                                   |
21:02:40:729 [04356] | INFO  |   +-----------------------------------------+-----------------------------------------+
21:02:40:729 [04356] | INFO  |   | BackBufferWidth                         | 0                                       |
21:02:40:729 [04356] | INFO  |   | BackBufferHeight                        | 0                                       |
21:02:40:729 [04356] | INFO  |   | BackBufferFormat                        | 21                                      |
21:02:40:729 [04356] | INFO  |   | BackBufferCount                         | 1                                       |
21:02:40:729 [04356] | INFO  |   | MultiSampleType                         | 0                                       |
21:02:40:729 [04356] | INFO  |   | MultiSampleQuality                      | 0                                       |
21:02:40:729 [04356] | INFO  |   | SwapEffect                              | 1                                       |
21:02:40:729 [04356] | INFO  |   | DeviceWindow                            | 00000000007C05DA                        |
21:02:40:730 [04356] | INFO  |   | Windowed                                | TRUE                                    |
21:02:40:730 [04356] | INFO  |   | EnableAutoDepthStencil                  | TRUE                                    |
21:02:40:730 [04356] | INFO  |   | AutoDepthStencilFormat                  | 75                                      |
21:02:40:730 [04356] | INFO  |   | Flags                                   | 0x2                                     |
21:02:40:730 [04356] | INFO  |   | FullScreen_RefreshRateInHz              | 0                                       |
21:02:40:730 [04356] | INFO  |   | PresentationInterval                    | 0x80000000                              |
21:02:40:730 [04356] | INFO  |   +-----------------------------------------+-----------------------------------------+
21:02:41:519 [04356] | INFO  | Recreated runtime environment on runtime 00000289A40C2C80.
21:02:41:786 [08460] | INFO  | Successfully loaded "C:\ETS\bin\win_x64\reshade-shaders\Shaders\Levels.fx".
21:02:41:787 [09184] | INFO  | Successfully loaded "C:\ETS\bin\win_x64\reshade-shaders\Shaders\FakeHDR.fx".
21:02:41:789 [07304] | INFO  | Successfully loaded "C:\ETS\bin\win_x64\reshade-shaders\Shaders\LevelsPlus.fx".
21:02:41:789 [08196] | INFO  | Successfully loaded "C:\ETS\bin\win_x64\reshade-shaders\Shaders\Colourfulness.fx".
21:02:41:790 [05708] | INFO  | Successfully loaded "C:\ETS\bin\win_x64\reshade-shaders\Shaders\DPX.fx".
21:02:41:790 [08344] | INFO  | Successfully loaded "C:\ETS\bin\win_x64\reshade-shaders\Shaders\ColorMatrix.fx".
21:02:41:794 [01500] | INFO  | Successfully loaded "C:\ETS\bin\win_x64\reshade-shaders\Shaders\Technicolor.fx".
21:02:41:794 [07084] | INFO  | Successfully loaded "C:\ETS\bin\win_x64\reshade-shaders\Shaders\LumaSharpen.fx".
21:02:41:795 [01016] | INFO  | Successfully loaded "C:\ETS\bin\win_x64\reshade-shaders\Shaders\Technicolor2.fx".
21:02:41:797 [03620] | INFO  | Successfully loaded "C:\ETS\bin\win_x64\reshade-shaders\Shaders\Clarity.fx".
21:02:41:799 [08772] | INFO  | Successfully loaded "C:\ETS\bin\win_x64\reshade-shaders\Shaders\Vignette.fx".
21:02:42:129 [04356] | INFO  | Loading image files for textures ...
21:10:29:088 [04356] | INFO  | Saving screenshot to D:\Documents\Bandicam\eurotrucks2 2019-05-18 21-10-28.bmp ...
21:14:09:597 [04356] | INFO  | Saving screenshot to D:\Documents\Bandicam\eurotrucks2 2019-05-18 21-14-09.bmp ...
21:27:27:011 [04356] | INFO  | Saving screenshot to D:\Documents\Bandicam\eurotrucks2 2019-05-18 21-27-26.bmp ...
21:28:01:226 [04356] | INFO  | Saving screenshot to D:\Documents\Bandicam\eurotrucks2 2019-05-18 21-28-01.bmp ...
21:48:42:049 [04356] | INFO  | Saving screenshot to D:\Documents\Bandicam\eurotrucks2 2019-05-18 21-48-41.bmp ...
21:59:03:329 [04356] | INFO  | Saving screenshot to D:\Documents\Bandicam\eurotrucks2 2019-05-18 21-59-03.bmp ...
22:01:40:695 [04356] | INFO  | Saving screenshot to D:\Documents\Bandicam\eurotrucks2 2019-05-18 22-01-40.bmp ...
22:01:59:805 [04356] | INFO  | Saving screenshot to D:\Documents\Bandicam\eurotrucks2 2019-05-18 22-01-59.bmp ...
22:03:12:098 [04356] | INFO  | Saving screenshot to D:\Documents\Bandicam\eurotrucks2 2019-05-18 22-03-11.bmp ...
22:08:30:593 [04356] | INFO  | Saving screenshot to D:\Documents\Bandicam\eurotrucks2 2019-05-18 22-08-30.bmp ...
22:09:03:589 [04356] | INFO  | Destroyed runtime environment on runtime 00000289A40C2C80.
22:09:03:747 [04356] | INFO  | Redirecting IDirect3D9Ex::CreateDeviceEx(00000289A3FE3E60, 0, 1, 00000000007D05DA, 0x52, 000000CEF274E6D0, 0000000000000000, 00000289F5FD1CE0) ...
22:09:03:747 [04356] | INFO  | > Dumping presentation parameters:
22:09:03:747 [04356] | INFO  |   +-----------------------------------------+-----------------------------------------+
22:09:03:747 [04356] | INFO  |   | Parameter                               | Value                                   |
22:09:03:747 [04356] | INFO  |   +-----------------------------------------+-----------------------------------------+
22:09:03:747 [04356] | INFO  |   | BackBufferWidth                         | 0                                       |
22:09:03:747 [04356] | INFO  |   | BackBufferHeight                        | 0                                       |
22:09:03:747 [04356] | INFO  |   | BackBufferFormat                        | 21                                      |
22:09:03:747 [04356] | INFO  |   | BackBufferCount                         | 1                                       |
22:09:03:747 [04356] | INFO  |   | MultiSampleType                         | 0                                       |
22:09:03:747 [04356] | INFO  |   | MultiSampleQuality                      | 0                                       |
22:09:03:748 [04356] | INFO  |   | SwapEffect                              | 1                                       |
22:09:03:748 [04356] | INFO  |   | DeviceWindow                            | 00000000007D05DA                        |
22:09:03:748 [04356] | INFO  |   | Windowed                                | TRUE                                    |
22:09:03:748 [04356] | INFO  |   | EnableAutoDepthStencil                  | TRUE                                    |
22:09:03:748 [04356] | INFO  |   | AutoDepthStencilFormat                  | 75                                      |
22:09:03:748 [04356] | INFO  |   | Flags                                   | 0x2                                     |
22:09:03:748 [04356] | INFO  |   | FullScreen_RefreshRateInHz              | 0                                       |
22:09:03:748 [04356] | INFO  |   | PresentationInterval                    | 0x80000000                              |
22:09:03:748 [04356] | INFO  |   +-----------------------------------------+-----------------------------------------+
22:09:04:773 [04356] | INFO  | Recreated runtime environment on runtime 00000289AC849510.
22:09:06:201 [04568] | INFO  | Successfully loaded "C:\ETS\bin\win_x64\reshade-shaders\Shaders\ColorMatrix.fx".
22:09:06:202 [04760] | INFO  | Successfully loaded "C:\ETS\bin\win_x64\reshade-shaders\Shaders\FakeHDR.fx".
22:09:06:202 [02904] | INFO  | Successfully loaded "C:\ETS\bin\win_x64\reshade-shaders\Shaders\Colourfulness.fx".
22:09:06:202 [02092] | INFO  | Successfully loaded "C:\ETS\bin\win_x64\reshade-shaders\Shaders\Levels.fx".
22:09:06:206 [03920] | INFO  | Successfully loaded "C:\ETS\bin\win_x64\reshade-shaders\Shaders\DPX.fx".
22:09:06:207 [03136] | INFO  | Successfully loaded "C:\ETS\bin\win_x64\reshade-shaders\Shaders\Technicolor.fx".
22:09:06:208 [05180] | INFO  | Successfully loaded "C:\ETS\bin\win_x64\reshade-shaders\Shaders\Technicolor2.fx".
22:09:06:209 [08832] | INFO  | Successfully loaded "C:\ETS\bin\win_x64\reshade-shaders\Shaders\LumaSharpen.fx".
22:09:06:211 [00808] | INFO  | Successfully loaded "C:\ETS\bin\win_x64\reshade-shaders\Shaders\LevelsPlus.fx".
22:09:06:213 [04688] | INFO  | Successfully loaded "C:\ETS\bin\win_x64\reshade-shaders\Shaders\Clarity.fx".
22:09:06:213 [08380] | INFO  | Successfully loaded "C:\ETS\bin\win_x64\reshade-shaders\Shaders\Vignette.fx".
22:09:06:499 [04356] | INFO  | Loading image files for textures ...
22:10:54:375 [04356] | INFO  | Saving screenshot to D:\Documents\Bandicam\eurotrucks2 2019-05-18 22-10-54.bmp ...
22:11:43:999 [04356] | INFO  | Saving screenshot to D:\Documents\Bandicam\eurotrucks2 2019-05-18 22-11-43.bmp ...
22:14:55:422 [04356] | INFO  | Saving screenshot to D:\Documents\Bandicam\eurotrucks2 2019-05-18 22-14-55.bmp ...
22:15:12:218 [03252] | INFO  | Successfully loaded "C:\ETS\bin\win_x64\reshade-shaders\Shaders\ColorMatrix.fx".
22:15:12:220 [06540] | INFO  | Successfully loaded "C:\ETS\bin\win_x64\reshade-shaders\Shaders\Levels.fx".
22:15:12:222 [05660] | INFO  | Successfully loaded "C:\ETS\bin\win_x64\reshade-shaders\Shaders\DPX.fx".
22:15:12:223 [08384] | INFO  | Successfully loaded "C:\ETS\bin\win_x64\reshade-shaders\Shaders\FakeHDR.fx".
22:15:12:225 [03940] | INFO  | Successfully loaded "C:\ETS\bin\win_x64\reshade-shaders\Shaders\Colourfulness.fx".
22:15:12:228 [00624] | INFO  | Successfully loaded "C:\ETS\bin\win_x64\reshade-shaders\Shaders\LevelsPlus.fx".
22:15:12:228 [09188] | INFO  | Successfully loaded "C:\ETS\bin\win_x64\reshade-shaders\Shaders\LumaSharpen.fx".
22:15:12:229 [03672] | INFO  | Successfully loaded "C:\ETS\bin\win_x64\reshade-shaders\Shaders\Technicolor2.fx".
22:15:12:230 [07296] | INFO  | Successfully loaded "C:\ETS\bin\win_x64\reshade-shaders\Shaders\Technicolor.fx".
22:15:12:231 [08532] | INFO  | Successfully loaded "C:\ETS\bin\win_x64\reshade-shaders\Shaders\Vignette.fx".
22:15:12:232 [04028] | INFO  | Successfully loaded "C:\ETS\bin\win_x64\reshade-shaders\Shaders\Clarity.fx".
22:15:12:567 [04356] | INFO  | Loading image files for textures ...
22:34:43:966 [04356] | INFO  | Saving screenshot to D:\Documents\Bandicam\eurotrucks2 2019-05-18 22-34-43.bmp ...
22:34:57:115 [04356] | INFO  | Saving screenshot to D:\Documents\Bandicam\eurotrucks2 2019-05-18 22-34-56.bmp ...
22:44:17:499 [07996] | INFO  | Successfully loaded "C:\ETS\bin\win_x64\reshade-shaders\Shaders\Colourfulness.fx".
22:44:17:500 [07952] | INFO  | Successfully loaded "C:\ETS\bin\win_x64\reshade-shaders\Shaders\FakeHDR.fx".
22:44:17:501 [07384] | INFO  | Successfully loaded "C:\ETS\bin\win_x64\reshade-shaders\Shaders\Levels.fx".
22:44:17:502 [04312] | INFO  | Successfully loaded "C:\ETS\bin\win_x64\reshade-shaders\Shaders\DPX.fx".
22:44:17:502 [01016] | INFO  | Successfully loaded "C:\ETS\bin\win_x64\reshade-shaders\Shaders\ColorMatrix.fx".
22:44:17:505 [07068] | INFO  | Successfully loaded "C:\ETS\bin\win_x64\reshade-shaders\Shaders\LumaSharpen.fx".
22:44:17:505 [06408] | INFO  | Successfully loaded "C:\ETS\bin\win_x64\reshade-shaders\Shaders\LevelsPlus.fx".
22:44:17:508 [01452] | INFO  | Successfully loaded "C:\ETS\bin\win_x64\reshade-shaders\Shaders\Technicolor.fx".
22:44:17:508 [02944] | INFO  | Successfully loaded "C:\ETS\bin\win_x64\reshade-shaders\Shaders\Technicolor2.fx".
22:44:17:511 [05100] | INFO  | Successfully loaded "C:\ETS\bin\win_x64\reshade-shaders\Shaders\Vignette.fx".
22:44:17:512 [09116] | INFO  | Successfully loaded "C:\ETS\bin\win_x64\reshade-shaders\Shaders\Clarity.fx".
22:44:17:724 [04356] | INFO  | Loading image files for textures ...
22:45:05:633 [03492] | INFO  | Successfully loaded "C:\ETS\bin\win_x64\reshade-shaders\Shaders\ColorMatrix.fx".
22:45:05:635 [08256] | INFO  | Successfully loaded "C:\ETS\bin\win_x64\reshade-shaders\Shaders\Colourfulness.fx".
22:45:05:635 [07936] | INFO  | Successfully loaded "C:\ETS\bin\win_x64\reshade-shaders\Shaders\Levels.fx".
22:45:05:635 [00724] | INFO  | Successfully loaded "C:\ETS\bin\win_x64\reshade-shaders\Shaders\FakeHDR.fx".
22:45:05:638 [05828] | INFO  | Successfully loaded "C:\ETS\bin\win_x64\reshade-shaders\Shaders\DPX.fx".
22:45:05:641 [01748] | INFO  | Successfully loaded "C:\ETS\bin\win_x64\reshade-shaders\Shaders\Technicolor.fx".
22:45:05:642 [09096] | INFO  | Successfully loaded "C:\ETS\bin\win_x64\reshade-shaders\Shaders\LevelsPlus.fx".
22:45:05:642 [06500] | INFO  | Successfully loaded "C:\ETS\bin\win_x64\reshade-shaders\Shaders\Technicolor2.fx".
22:45:05:644 [01672] | INFO  | Successfully loaded "C:\ETS\bin\win_x64\reshade-shaders\Shaders\LumaSharpen.fx".
22:45:05:645 [08048] | INFO  | Successfully loaded "C:\ETS\bin\win_x64\reshade-shaders\Shaders\Clarity.fx".
22:45:05:648 [02324] | INFO  | Successfully loaded "C:\ETS\bin\win_x64\reshade-shaders\Shaders\Vignette.fx".
22:45:05:903 [04356] | INFO  | Loading image files for textures ...
22:45:11:268 [04356] | INFO  | Loading image files for textures ...
22:47:47:696 [04356] | INFO  | Loading image files for textures ...
22:50:39:716 [04356] | INFO  | Loading image files for textures ...
22:51:13:687 [04356] | INFO  | Loading image files for textures ...
22:54:35:584 [04356] | INFO  | Loading image files for textures ...
22:59:06:243 [04356] | INFO  | Saving screenshot to D:\Documents\Bandicam\eurotrucks2 2019-05-18 22-59-06.bmp ...
