09:07:22:856 [07672] | INFO  | Initializing crosire's ReShade version '4.3.0.563' (64-bit) built on '2019-05-25 19:00:11' loaded from "C:\ETS\bin\win_x64\d3d9.dll" to "C:\ETS\bin\win_x64\eurotrucks2.exe" ...
09:07:22:941 [07672] | INFO  | Registering hooks for "user32.dll" ...
09:07:22:941 [07672] | INFO  | > Libraries loaded.
09:07:22:942 [07672] | INFO  | > Found 13 match(es). Installing ...
09:07:22:957 [07672] | INFO  | Registering hooks for "ws2_32.dll" ...
09:07:22:957 [07672] | INFO  | > Libraries loaded.
09:07:22:958 [07672] | INFO  | > Found 8 match(es). Installing ...
09:07:22:976 [07672] | INFO  | Registering hooks for "C:\Windows\system32\d3d9.dll" ...
09:07:22:976 [07672] | INFO  | > Delayed until first call to an exported function.
09:07:22:976 [07672] | INFO  | Registering hooks for "C:\Windows\system32\d3d10.dll" ...
09:07:22:976 [07672] | INFO  | > Delayed.
09:07:22:976 [07672] | INFO  | Registering hooks for "C:\Windows\system32\d3d10_1.dll" ...
09:07:22:977 [07672] | INFO  | > Delayed.
09:07:22:977 [07672] | INFO  | Registering hooks for "C:\Windows\system32\d3d11.dll" ...
09:07:22:977 [07672] | INFO  | > Libraries loaded.
09:07:22:977 [07672] | INFO  | > Found 2 match(es). Installing ...
09:07:22:990 [07672] | INFO  | Registering hooks for "C:\Windows\system32\d3d12.dll" ...
09:07:22:990 [07672] | INFO  | > Delayed.
09:07:22:990 [07672] | INFO  | Registering hooks for "C:\Windows\system32\dxgi.dll" ...
09:07:22:990 [07672] | INFO  | > Libraries loaded.
09:07:22:990 [07672] | INFO  | > Found 7 match(es). Installing ...
09:07:23:005 [07672] | INFO  | Registering hooks for "C:\Windows\system32\opengl32.dll" ...
09:07:23:005 [07672] | INFO  | > Delayed.
09:07:23:005 [07672] | INFO  | Initialized.
09:07:23:005 [07672] | INFO  | Redirecting Direct3DCreate9Ex(32, 0000020534639CD0) ...
09:07:23:007 [07672] | INFO  | Installing export hooks for "C:\Windows\system32\d3d9.dll" ...
09:07:23:007 [07672] | INFO  | > Found 9 match(es). Installing ...
09:07:23:049 [07672] | INFO  | Redirecting CreateDXGIFactory({7B7166EC-21C7-44AE-B21A-C9AE321AE369}, 0000005FE3CFE880) ...
09:07:23:049 [07672] | INFO  | > Passing on to CreateDXGIFactory1:
09:07:23:049 [07672] | INFO  | Redirecting CreateDXGIFactory1({7B7166EC-21C7-44AE-B21A-C9AE321AE369}, 0000005FE3CFE880) ...
09:07:23:102 [07672] | INFO  | Redirecting IDirect3D9Ex::CreateDeviceEx(00000205624F2FE0, 0, 1, 00000000006C0AF0, 0x52, 0000005FE3CFEB60, 0000005FE3CFEAB0, 0000020534639CE0) ...
09:07:23:102 [07672] | INFO  | > Dumping presentation parameters:
09:07:23:102 [07672] | INFO  |   +-----------------------------------------+-----------------------------------------+
09:07:23:102 [07672] | INFO  |   | Parameter                               | Value                                   |
09:07:23:102 [07672] | INFO  |   +-----------------------------------------+-----------------------------------------+
09:07:23:102 [07672] | INFO  |   | BackBufferWidth                         | 1920                                    |
09:07:23:102 [07672] | INFO  |   | BackBufferHeight                        | 1080                                    |
09:07:23:102 [07672] | INFO  |   | BackBufferFormat                        | 21                                      |
09:07:23:102 [07672] | INFO  |   | BackBufferCount                         | 1                                       |
09:07:23:102 [07672] | INFO  |   | MultiSampleType                         | 0                                       |
09:07:23:102 [07672] | INFO  |   | MultiSampleQuality                      | 0                                       |
09:07:23:102 [07672] | INFO  |   | SwapEffect                              | 1                                       |
09:07:23:103 [07672] | INFO  |   | DeviceWindow                            | 00000000006C0AF0                        |
09:07:23:103 [07672] | INFO  |   | Windowed                                | FALSE                                   |
09:07:23:103 [07672] | INFO  |   | EnableAutoDepthStencil                  | TRUE                                    |
09:07:23:103 [07672] | INFO  |   | AutoDepthStencilFormat                  | 75                                      |
09:07:23:103 [07672] | INFO  |   | Flags                                   | 0x2                                     |
09:07:23:103 [07672] | INFO  |   | FullScreen_RefreshRateInHz              | 60                                      |
09:07:23:103 [07672] | INFO  |   | PresentationInterval                    | 0x80000000                              |
09:07:23:103 [07672] | INFO  |   +-----------------------------------------+-----------------------------------------+
09:07:23:613 [07672] | INFO  | Recreated runtime environment on runtime 0000020562750470.
09:07:23:893 [04764] | INFO  | Successfully loaded "C:\ETS\bin\win_x64\reshade-shaders\Shaders\ColorMatrix.fx".
09:07:23:894 [06764] | INFO  | Successfully loaded "C:\ETS\bin\win_x64\reshade-shaders\Shaders\Colourfulness.fx".
09:07:23:895 [04596] | INFO  | Successfully loaded "C:\ETS\bin\win_x64\reshade-shaders\Shaders\DPX.fx".
09:07:23:898 [03108] | INFO  | Successfully loaded "C:\ETS\bin\win_x64\reshade-shaders\Shaders\FakeHDR.fx".
09:07:23:901 [05280] | INFO  | Successfully loaded "C:\ETS\bin\win_x64\reshade-shaders\Shaders\Levels.fx".
09:07:23:904 [03460] | INFO  | Successfully loaded "C:\ETS\bin\win_x64\reshade-shaders\Shaders\LevelsPlus.fx".
09:07:23:907 [04524] | INFO  | Successfully loaded "C:\ETS\bin\win_x64\reshade-shaders\Shaders\LumaSharpen.fx".
09:07:23:908 [00696] | INFO  | Successfully loaded "C:\ETS\bin\win_x64\reshade-shaders\Shaders\Clarity.fx".
09:07:23:908 [09572] | INFO  | Successfully loaded "C:\ETS\bin\win_x64\reshade-shaders\Shaders\Technicolor.fx".
09:07:23:911 [04684] | INFO  | Successfully loaded "C:\ETS\bin\win_x64\reshade-shaders\Shaders\Technicolor2.fx".
09:07:23:911 [09584] | INFO  | Successfully loaded "C:\ETS\bin\win_x64\reshade-shaders\Shaders\Tonemap.fx".
09:07:23:913 [09376] | INFO  | Successfully loaded "C:\ETS\bin\win_x64\reshade-shaders\Shaders\Vignette.fx".
09:07:24:393 [07672] | INFO  | Loading image files for textures ...
09:13:20:981 [00168] | INFO  | Redirecting RegisterClassA(0000005FE64FF630 { MS }) ...
09:13:20:981 [00168] | INFO  | > Adding 'CS_OWNDC' window class style flag to 'MS'.
09:33:28:755 [07672] | INFO  | Destroyed runtime environment on runtime 0000020562750470.
09:33:29:605 [07672] | INFO  | Exiting ...
09:33:29:605 [07672] | INFO  | Uninstalling 49 hook(s) ...
09:33:29:622 [07672] | INFO  | Exited.
