22:44:25:692 [05332] | INFO  | Initializing crosire's ReShade version '4.2.1.543' (64-bit) built on '2019-03-04 22:39:28' loaded from "C:\ETS\bin\win_x64\d3d9.dll" to "C:\ETS\bin\win_x64\eurotrucks2.exe" ...
22:44:25:824 [05332] | INFO  | Registering hooks for "user32.dll" ...
22:44:25:824 [05332] | INFO  | > Libraries loaded.
22:44:25:826 [05332] | INFO  | > Found 13 match(es). Installing ...
22:44:25:848 [05332] | INFO  | Registering hooks for "ws2_32.dll" ...
22:44:25:848 [05332] | INFO  | > Libraries loaded.
22:44:25:849 [05332] | INFO  | > Found 8 match(es). Installing ...
22:44:25:870 [05332] | INFO  | Registering hooks for "C:\Windows\system32\d3d9.dll" ...
22:44:25:870 [05332] | INFO  | > Delayed until first call to an exported function.
22:44:25:870 [05332] | INFO  | Registering hooks for "C:\Windows\system32\d3d10.dll" ...
22:44:25:871 [05332] | INFO  | > Delayed.
22:44:25:871 [05332] | INFO  | Registering hooks for "C:\Windows\system32\d3d10_1.dll" ...
22:44:25:871 [05332] | INFO  | > Delayed.
22:44:25:871 [05332] | INFO  | Registering hooks for "C:\Windows\system32\d3d11.dll" ...
22:44:25:871 [05332] | INFO  | > Libraries loaded.
22:44:25:871 [05332] | INFO  | > Found 2 match(es). Installing ...
22:44:25:891 [05332] | INFO  | Registering hooks for "C:\Windows\system32\dxgi.dll" ...
22:44:25:891 [05332] | INFO  | > Libraries loaded.
22:44:25:891 [05332] | INFO  | > Found 7 match(es). Installing ...
22:44:25:907 [05332] | INFO  | Registering hooks for "C:\Windows\system32\opengl32.dll" ...
22:44:25:907 [05332] | INFO  | > Delayed.
22:44:25:907 [05332] | INFO  | Initialized.
22:44:25:908 [05332] | INFO  | Redirecting Direct3DCreate9Ex(32, 0000020AB64CBCD0) ...
22:44:25:910 [05332] | INFO  | Installing export hooks for "C:\Windows\system32\d3d9.dll" ...
22:44:25:910 [05332] | INFO  | > Found 9 match(es). Installing ...
22:44:25:969 [05332] | INFO  | Redirecting CreateDXGIFactory({7B7166EC-21C7-44AE-B21A-C9AE321AE369}, 000000A5D3F8E3A0) ...
22:44:25:969 [05332] | INFO  | > Passing on to CreateDXGIFactory1:
22:44:25:969 [05332] | INFO  | Redirecting CreateDXGIFactory1({7B7166EC-21C7-44AE-B21A-C9AE321AE369}, 000000A5D3F8E3A0) ...
22:44:26:027 [05332] | INFO  | Redirecting IDirect3D9Ex::CreateDeviceEx(0000020AE446ED40, 0, 1, 00000000009A07D8, 0x52, 000000A5D3F8E680, 0000000000000000, 0000020AB64CBCE0) ...
22:44:26:027 [05332] | INFO  | > Dumping presentation parameters:
22:44:26:027 [05332] | INFO  |   +-----------------------------------------+-----------------------------------------+
22:44:26:027 [05332] | INFO  |   | Parameter                               | Value                                   |
22:44:26:027 [05332] | INFO  |   +-----------------------------------------+-----------------------------------------+
22:44:26:027 [05332] | INFO  |   | BackBufferWidth                         | 0                                       |
22:44:26:027 [05332] | INFO  |   | BackBufferHeight                        | 0                                       |
22:44:26:028 [05332] | INFO  |   | BackBufferFormat                        | 21                                      |
22:44:26:028 [05332] | INFO  |   | BackBufferCount                         | 1                                       |
22:44:26:028 [05332] | INFO  |   | MultiSampleType                         | 0                                       |
22:44:26:028 [05332] | INFO  |   | MultiSampleQuality                      | 0                                       |
22:44:26:028 [05332] | INFO  |   | SwapEffect                              | 1                                       |
22:44:26:028 [05332] | INFO  |   | DeviceWindow                            | 00000000009A07D8                        |
22:44:26:028 [05332] | INFO  |   | Windowed                                | TRUE                                    |
22:44:26:028 [05332] | INFO  |   | EnableAutoDepthStencil                  | TRUE                                    |
22:44:26:028 [05332] | INFO  |   | AutoDepthStencilFormat                  | 75                                      |
22:44:26:028 [05332] | INFO  |   | Flags                                   | 0x2                                     |
22:44:26:028 [05332] | INFO  |   | FullScreen_RefreshRateInHz              | 0                                       |
22:44:26:028 [05332] | INFO  |   | PresentationInterval                    | 0x80000000                              |
22:44:26:028 [05332] | INFO  |   +-----------------------------------------+-----------------------------------------+
22:44:26:679 [05332] | INFO  | Recreated runtime environment on runtime 0000020AE454F9B0.
22:44:26:969 [09956] | INFO  | Successfully loaded "C:\ETS\bin\win_x64\reshade-shaders\Shaders\ColorMatrix.fx".
22:44:26:970 [09124] | INFO  | Successfully loaded "C:\ETS\bin\win_x64\reshade-shaders\Shaders\Colourfulness.fx".
22:44:26:970 [10232] | INFO  | Successfully loaded "C:\ETS\bin\win_x64\reshade-shaders\Shaders\Levels.fx".
22:44:26:971 [03352] | INFO  | Successfully loaded "C:\ETS\bin\win_x64\reshade-shaders\Shaders\DPX.fx".
22:44:26:971 [01824] | INFO  | Successfully loaded "C:\ETS\bin\win_x64\reshade-shaders\Shaders\LevelsPlus.fx".
22:44:26:974 [03744] | INFO  | Successfully loaded "C:\ETS\bin\win_x64\reshade-shaders\Shaders\FakeHDR.fx".
22:44:26:978 [09960] | INFO  | Successfully loaded "C:\ETS\bin\win_x64\reshade-shaders\Shaders\LumaSharpen.fx".
22:44:26:979 [02328] | INFO  | Successfully loaded "C:\ETS\bin\win_x64\reshade-shaders\Shaders\Technicolor2.fx".
22:44:26:981 [07932] | INFO  | Successfully loaded "C:\ETS\bin\win_x64\reshade-shaders\Shaders\Technicolor.fx".
22:44:26:982 [08980] | INFO  | Successfully loaded "C:\ETS\bin\win_x64\reshade-shaders\Shaders\Clarity.fx".
22:44:26:988 [02952] | INFO  | Successfully loaded "C:\ETS\bin\win_x64\reshade-shaders\Shaders\Vignette.fx".
22:44:27:429 [05332] | INFO  | Loading image files for textures ...
22:46:03:882 [05332] | INFO  | Destroyed runtime environment on runtime 0000020AE454F9B0.
22:46:04:091 [05332] | INFO  | Exiting ...
22:46:04:091 [05332] | INFO  | Uninstalling 49 hook(s) ...
22:46:04:114 [05332] | INFO  | Exited.
