19:17:29:374 [02880] | INFO  | Initializing crosire's ReShade version '4.3.0.563' (64-bit) built on '2019-05-25 19:00:11' loaded from "C:\ETS\bin\win_x64\d3d9.dll" to "C:\ETS\bin\win_x64\eurotrucks2.exe" ...
19:17:29:437 [02880] | INFO  | Registering hooks for "user32.dll" ...
19:17:29:437 [02880] | INFO  | > Libraries loaded.
19:17:29:438 [02880] | INFO  | > Found 13 match(es). Installing ...
19:17:29:458 [02880] | INFO  | Registering hooks for "ws2_32.dll" ...
19:17:29:458 [02880] | INFO  | > Libraries loaded.
19:17:29:458 [02880] | INFO  | > Found 8 match(es). Installing ...
19:17:29:475 [02880] | INFO  | Registering hooks for "C:\Windows\system32\d3d9.dll" ...
19:17:29:475 [02880] | INFO  | > Delayed until first call to an exported function.
19:17:29:475 [02880] | INFO  | Registering hooks for "C:\Windows\system32\d3d10.dll" ...
19:17:29:476 [02880] | INFO  | > Delayed.
19:17:29:476 [02880] | INFO  | Registering hooks for "C:\Windows\system32\d3d10_1.dll" ...
19:17:29:476 [02880] | INFO  | > Delayed.
19:17:29:476 [02880] | INFO  | Registering hooks for "C:\Windows\system32\d3d11.dll" ...
19:17:29:476 [02880] | INFO  | > Libraries loaded.
19:17:29:476 [02880] | INFO  | > Found 2 match(es). Installing ...
19:17:29:488 [02880] | INFO  | Registering hooks for "C:\Windows\system32\d3d12.dll" ...
19:17:29:489 [02880] | INFO  | > Delayed.
19:17:29:489 [02880] | INFO  | Registering hooks for "C:\Windows\system32\dxgi.dll" ...
19:17:29:489 [02880] | INFO  | > Libraries loaded.
19:17:29:489 [02880] | INFO  | > Found 7 match(es). Installing ...
19:17:29:501 [02880] | INFO  | Registering hooks for "C:\Windows\system32\opengl32.dll" ...
19:17:29:502 [02880] | INFO  | > Delayed.
19:17:29:502 [02880] | INFO  | Initialized.
19:17:29:502 [02880] | INFO  | Redirecting Direct3DCreate9Ex(32, 000001305DD6DCD0) ...
19:17:29:505 [02880] | INFO  | Installing export hooks for "C:\Windows\system32\d3d9.dll" ...
19:17:29:505 [02880] | INFO  | > Found 9 match(es). Installing ...
19:17:29:558 [02880] | INFO  | Redirecting CreateDXGIFactory({7B7166EC-21C7-44AE-B21A-C9AE321AE369}, 0000000611BFE280) ...
19:17:29:558 [02880] | INFO  | > Passing on to CreateDXGIFactory1:
19:17:29:558 [02880] | INFO  | Redirecting CreateDXGIFactory1({7B7166EC-21C7-44AE-B21A-C9AE321AE369}, 0000000611BFE280) ...
19:17:29:603 [02880] | INFO  | Redirecting IDirect3D9Ex::CreateDeviceEx(000001300BEEEA80, 0, 1, 0000000000200452, 0x52, 0000000611BFE560, 0000000611BFE4B0, 000001305DD6DCE0) ...
19:17:29:603 [02880] | INFO  | > Dumping presentation parameters:
19:17:29:603 [02880] | INFO  |   +-----------------------------------------+-----------------------------------------+
19:17:29:603 [02880] | INFO  |   | Parameter                               | Value                                   |
19:17:29:603 [02880] | INFO  |   +-----------------------------------------+-----------------------------------------+
19:17:29:603 [02880] | INFO  |   | BackBufferWidth                         | 1920                                    |
19:17:29:603 [02880] | INFO  |   | BackBufferHeight                        | 1080                                    |
19:17:29:603 [02880] | INFO  |   | BackBufferFormat                        | 21                                      |
19:17:29:603 [02880] | INFO  |   | BackBufferCount                         | 1                                       |
19:17:29:603 [02880] | INFO  |   | MultiSampleType                         | 0                                       |
19:17:29:603 [02880] | INFO  |   | MultiSampleQuality                      | 0                                       |
19:17:29:603 [02880] | INFO  |   | SwapEffect                              | 1                                       |
19:17:29:603 [02880] | INFO  |   | DeviceWindow                            | 0000000000200452                        |
19:17:29:603 [02880] | INFO  |   | Windowed                                | FALSE                                   |
19:17:29:603 [02880] | INFO  |   | EnableAutoDepthStencil                  | TRUE                                    |
19:17:29:603 [02880] | INFO  |   | AutoDepthStencilFormat                  | 75                                      |
19:17:29:603 [02880] | INFO  |   | Flags                                   | 0x2                                     |
19:17:29:603 [02880] | INFO  |   | FullScreen_RefreshRateInHz              | 60                                      |
19:17:29:603 [02880] | INFO  |   | PresentationInterval                    | 0x80000000                              |
19:17:29:603 [02880] | INFO  |   +-----------------------------------------+-----------------------------------------+
19:17:30:144 [02880] | INFO  | Recreated runtime environment on runtime 000001300C1606E0.
19:17:30:468 [01920] | INFO  | Successfully loaded "C:\ETS\bin\win_x64\reshade-shaders\Shaders\Colourfulness.fx".
19:17:30:469 [05600] | INFO  | Successfully loaded "C:\ETS\bin\win_x64\reshade-shaders\Shaders\DPX.fx".
19:17:30:471 [06644] | INFO  | Successfully loaded "C:\ETS\bin\win_x64\reshade-shaders\Shaders\ColorMatrix.fx".
19:17:30:473 [04684] | INFO  | Successfully loaded "C:\ETS\bin\win_x64\reshade-shaders\Shaders\FakeHDR.fx".
19:17:30:474 [01240] | INFO  | Successfully loaded "C:\ETS\bin\win_x64\reshade-shaders\Shaders\Levels.fx".
19:17:30:476 [07932] | INFO  | Successfully loaded "C:\ETS\bin\win_x64\reshade-shaders\Shaders\Clarity.fx".
19:17:30:477 [00964] | INFO  | Successfully loaded "C:\ETS\bin\win_x64\reshade-shaders\Shaders\LevelsPlus.fx".
19:17:30:477 [04360] | INFO  | Successfully loaded "C:\ETS\bin\win_x64\reshade-shaders\Shaders\LumaSharpen.fx".
19:17:30:480 [07488] | INFO  | Successfully loaded "C:\ETS\bin\win_x64\reshade-shaders\Shaders\Technicolor.fx".
19:17:30:480 [06140] | INFO  | Successfully loaded "C:\ETS\bin\win_x64\reshade-shaders\Shaders\Technicolor2.fx".
19:17:30:481 [07728] | INFO  | Successfully loaded "C:\ETS\bin\win_x64\reshade-shaders\Shaders\Tonemap.fx".
19:17:30:484 [05428] | INFO  | Successfully loaded "C:\ETS\bin\win_x64\reshade-shaders\Shaders\Vignette.fx".
19:17:30:936 [02880] | INFO  | Loading image files for textures ...
19:25:31:589 [02880] | INFO  | Saving screenshot to D:\Documents\Bandicam\eurotrucks2 2019-07-04 19-25-31.bmp ...
19:28:26:380 [02880] | INFO  | Saving screenshot to D:\Documents\Bandicam\eurotrucks2 2019-07-04 19-28-26.bmp ...
19:29:13:057 [02880] | INFO  | Saving screenshot to D:\Documents\Bandicam\eurotrucks2 2019-07-04 19-29-12.bmp ...
