10:39:40:966 [07756] | INFO  | Initializing crosire's ReShade version '4.3.0.563' (64-bit) built on '2019-05-25 19:00:11' loaded from "C:\ETS\bin\win_x64\dxgi.dll" to "C:\ETS\bin\win_x64\eurotrucks2.exe" ...
10:39:41:008 [07756] | INFO  | Registering hooks for "user32.dll" ...
10:39:41:008 [07756] | INFO  | > Libraries loaded.
10:39:41:008 [07756] | INFO  | > Found 13 match(es). Installing ...
10:39:41:016 [07756] | INFO  | Registering hooks for "ws2_32.dll" ...
10:39:41:017 [07756] | INFO  | > Libraries loaded.
10:39:41:017 [07756] | INFO  | > Found 8 match(es). Installing ...
10:39:41:027 [07756] | INFO  | Registering hooks for "C:\Windows\system32\d3d9.dll" ...
10:39:41:028 [07756] | INFO  | > Delayed.
10:39:41:028 [07756] | INFO  | Registering hooks for "C:\Windows\system32\d3d10.dll" ...
10:39:41:028 [07756] | INFO  | > Delayed.
10:39:41:028 [07756] | INFO  | Registering hooks for "C:\Windows\system32\d3d10_1.dll" ...
10:39:41:029 [07756] | INFO  | > Delayed.
10:39:41:029 [07756] | INFO  | Registering hooks for "C:\Windows\system32\d3d11.dll" ...
10:39:41:029 [07756] | INFO  | > Libraries loaded.
10:39:41:029 [07756] | INFO  | > Found 2 match(es). Installing ...
10:39:41:038 [07756] | INFO  | Registering hooks for "C:\Windows\system32\d3d12.dll" ...
10:39:41:039 [07756] | INFO  | > Delayed.
10:39:41:039 [07756] | INFO  | Registering hooks for "C:\Windows\system32\dxgi.dll" ...
10:39:41:039 [07756] | INFO  | > Delayed until first call to an exported function.
10:39:41:039 [07756] | INFO  | Registering hooks for "C:\Windows\system32\opengl32.dll" ...
10:39:41:039 [07756] | INFO  | > Delayed.
10:39:41:039 [07756] | INFO  | Initialized.
10:39:41:042 [07756] | WARN  | Ignoring LoadLibrary("ext-ms-win-mininput-inputhost-l1-1-0.dll") call to avoid possible deadlock.
10:39:52:712 [01036] | INFO  | Redirecting RegisterClassW(00007FF7267244F0 { prism3d }) ...
10:39:53:165 [01036] | INFO  | Redirecting D3D11CreateDevice(0000000000000000, 1, 0000000000000000, 0, 000000BAA271EA90, 1, 7, 0000000000000000, 000000BAA271EA98, 0000000000000000) ...
10:39:53:165 [01036] | INFO  | > Passing on to D3D11CreateDeviceAndSwapChain:
10:39:53:165 [01036] | INFO  | Redirecting D3D11CreateDeviceAndSwapChain(0000000000000000, 1, 0000000000000000, 0, 000000BAA271EA90, 1, 7, 0000000000000000, 0000000000000000, 0000000000000000, 000000BAA271EA98, 0000000000000000) ...
10:39:53:166 [01036] | INFO  | Redirecting CreateDXGIFactory2(2147483648, {7B7166EC-21C7-44AE-B21A-C9AE321AE369}, 000000BAA271E358) ...
10:39:53:168 [01036] | INFO  | Installing export hooks for "C:\Windows\system32\dxgi.dll" ...
10:39:53:169 [01036] | INFO  | > Found 7 match(es). Installing ...
10:39:53:183 [01036] | INFO  | > Using feature level 0xa100.
10:39:53:183 [01036] | INFO  | Redirecting CreateDXGIFactory2(0, {7B7166EC-21C7-44AE-B21A-C9AE321AE369}, 00007FF72660F860) ...
10:39:53:203 [01036] | INFO  | Redirecting D3D11CreateDevice(0000000000000000, 1, 0000000000000000, 0, 000000BAA271E980, 1, 7, 000000BAA271E930, 000000BAA271E948, 000000BAA271E938) ...
10:39:53:203 [01036] | INFO  | > Passing on to D3D11CreateDeviceAndSwapChain:
10:39:53:203 [01036] | INFO  | Redirecting D3D11CreateDeviceAndSwapChain(0000000000000000, 1, 0000000000000000, 0, 000000BAA271E980, 1, 7, 0000000000000000, 0000000000000000, 000000BAA271E930, 000000BAA271E948, 000000BAA271E938) ...
10:39:53:203 [01036] | INFO  | Redirecting CreateDXGIFactory2(2147483648, {7B7166EC-21C7-44AE-B21A-C9AE321AE369}, 000000BAA271DFA8) ...
10:39:53:214 [01036] | WARN  | > D3D11CreateDeviceAndSwapChain failed with error code 0x887a0004!
10:39:53:214 [01036] | INFO  | Redirecting D3D11CreateDevice(0000000000000000, 1, 0000000000000000, 0, 000000BAA271E9D0, 1, 7, 000001F756D97EB8, 000001F756D97FF0, 000001F756D97E90) ...
10:39:53:214 [01036] | INFO  | > Passing on to D3D11CreateDeviceAndSwapChain:
10:39:53:214 [01036] | INFO  | Redirecting D3D11CreateDeviceAndSwapChain(0000000000000000, 1, 0000000000000000, 0, 000000BAA271E9D0, 1, 7, 0000000000000000, 0000000000000000, 000001F756D97EB8, 000001F756D97FF0, 000001F756D97E90) ...
10:39:53:214 [01036] | INFO  | Redirecting CreateDXGIFactory2(2147483648, {7B7166EC-21C7-44AE-B21A-C9AE321AE369}, 000000BAA271E298) ...
10:39:53:225 [01036] | WARN  | > D3D11CreateDeviceAndSwapChain failed with error code 0x887a0004!
10:39:53:229 [01036] | INFO  | Redirecting D3D11CreateDevice(0000000000000000, 1, 0000000000000000, 0, 000000BAA271E980, 1, 7, 000000BAA271E930, 000000BAA271E948, 000000BAA271E938) ...
10:39:53:229 [01036] | INFO  | > Passing on to D3D11CreateDeviceAndSwapChain:
10:39:53:229 [01036] | INFO  | Redirecting D3D11CreateDeviceAndSwapChain(0000000000000000, 1, 0000000000000000, 0, 000000BAA271E980, 1, 7, 0000000000000000, 0000000000000000, 000000BAA271E930, 000000BAA271E948, 000000BAA271E938) ...
10:39:53:229 [01036] | INFO  | Redirecting CreateDXGIFactory2(2147483648, {7B7166EC-21C7-44AE-B21A-C9AE321AE369}, 000000BAA271DFA8) ...
10:39:53:241 [01036] | WARN  | > D3D11CreateDeviceAndSwapChain failed with error code 0x887a0004!
10:39:53:241 [01036] | INFO  | Redirecting D3D11CreateDevice(0000000000000000, 1, 0000000000000000, 0, 000000BAA271E9D0, 1, 7, 000001F756D97EB8, 000001F756D97FF0, 000001F756D97E90) ...
10:39:53:241 [01036] | INFO  | > Passing on to D3D11CreateDeviceAndSwapChain:
10:39:53:241 [01036] | INFO  | Redirecting D3D11CreateDeviceAndSwapChain(0000000000000000, 1, 0000000000000000, 0, 000000BAA271E9D0, 1, 7, 0000000000000000, 0000000000000000, 000001F756D97EB8, 000001F756D97FF0, 000001F756D97E90) ...
10:39:53:241 [01036] | INFO  | Redirecting CreateDXGIFactory2(2147483648, {7B7166EC-21C7-44AE-B21A-C9AE321AE369}, 000000BAA271E298) ...
10:39:53:249 [01036] | WARN  | > D3D11CreateDeviceAndSwapChain failed with error code 0x887a0004!
10:39:53:254 [01036] | INFO  | Redirecting D3D11CreateDevice(0000000000000000, 1, 0000000000000000, 0, 000000BAA271E980, 1, 7, 000000BAA271E930, 000000BAA271E948, 000000BAA271E938) ...
10:39:53:254 [01036] | INFO  | > Passing on to D3D11CreateDeviceAndSwapChain:
10:39:53:254 [01036] | INFO  | Redirecting D3D11CreateDeviceAndSwapChain(0000000000000000, 1, 0000000000000000, 0, 000000BAA271E980, 1, 7, 0000000000000000, 0000000000000000, 000000BAA271E930, 000000BAA271E948, 000000BAA271E938) ...
10:39:53:254 [01036] | INFO  | Redirecting CreateDXGIFactory2(2147483648, {7B7166EC-21C7-44AE-B21A-C9AE321AE369}, 000000BAA271DFA8) ...
10:39:53:273 [01036] | INFO  | > Using feature level 0xb100.
10:39:53:276 [01036] | INFO  | Redirecting IDXGIFactory::CreateSwapChain(000001F70086C9E0, 000001F700BE3390, 000000BAA271E940, 00007FF72660F818) ...
10:39:53:276 [01036] | INFO  | > Dumping swap chain description:
10:39:53:276 [01036] | INFO  |   +-----------------------------------------+-----------------------------------------+
10:39:53:276 [01036] | INFO  |   | Parameter                               | Value                                   |
10:39:53:276 [01036] | INFO  |   +-----------------------------------------+-----------------------------------------+
10:39:53:276 [01036] | INFO  |   | Width                                   | 1920                                    |
10:39:53:276 [01036] | INFO  |   | Height                                  | 1080                                    |
10:39:53:276 [01036] | INFO  |   | RefreshRate                             | 60                  1                   |
10:39:53:276 [01036] | INFO  |   | Format                                  | 28                                      |
10:39:53:276 [01036] | INFO  |   | ScanlineOrdering                        | 1                                       |
10:39:53:276 [01036] | INFO  |   | Scaling                                 | 0                                       |
10:39:53:276 [01036] | INFO  |   | SampleCount                             | 1                                       |
10:39:53:276 [01036] | INFO  |   | SampleQuality                           | 0                                       |
10:39:53:276 [01036] | INFO  |   | BufferUsage                             | 32                                      |
10:39:53:276 [01036] | INFO  |   | BufferCount                             | 2                                       |
10:39:53:276 [01036] | INFO  |   | OutputWindow                            | 0000000000230336                        |
10:39:53:276 [01036] | INFO  |   | Windowed                                | TRUE                                    |
10:39:53:276 [01036] | INFO  |   | SwapEffect                              | 4                                       |
10:39:53:276 [01036] | INFO  |   | Flags                                   | 0x802                                   |
10:39:53:277 [01036] | INFO  |   +-----------------------------------------+-----------------------------------------+
10:39:53:976 [01036] | INFO  | Recreated runtime environment on runtime 000001F700C47890.
10:39:53:980 [01036] | INFO  | Redirecting IDXGISwapChain::SetFullscreenState(000001F700C80810, TRUE, 000001F700BE9E30) ...
10:39:54:011 [01036] | INFO  | Redirecting IDXGISwapChain::ResizeBuffers(000001F700C80810, 2, 1920, 1080, 0, 0x802) ...
10:39:54:011 [01036] | INFO  | Destroyed runtime environment on runtime 000001F700C47890.
10:39:54:041 [01036] | INFO  | Recreated runtime environment on runtime 000001F700C47890.
10:39:54:046 [01036] | INFO  | Redirecting IDXGISwapChain::SetFullscreenState(000001F700C80810, TRUE, 000001F700BE9E30) ...
10:39:54:159 [01036] | INFO  | Redirecting IDXGISwapChain::SetFullscreenState(000001F700C80810, TRUE, 000001F700BE9E30) ...
10:39:54:160 [01036] | INFO  | Redirecting IDXGISwapChain::ResizeBuffers(000001F700C80810, 2, 1920, 1080, 0, 0x802) ...
10:39:54:160 [01036] | INFO  | Destroyed runtime environment on runtime 000001F700C47890.
10:39:54:165 [01036] | INFO  | Recreated runtime environment on runtime 000001F700C47890.
10:39:54:491 [01652] | INFO  | Successfully loaded "C:\ETS\bin\win_x64\reshade-shaders\Shaders\ColorMatrix.fx".
10:39:54:492 [09088] | INFO  | Successfully loaded "C:\ETS\bin\win_x64\reshade-shaders\Shaders\Colourfulness.fx".
10:39:54:493 [04724] | INFO  | Successfully loaded "C:\ETS\bin\win_x64\reshade-shaders\Shaders\DPX.fx".
10:39:54:495 [07492] | INFO  | Successfully loaded "C:\ETS\bin\win_x64\reshade-shaders\Shaders\FakeHDR.fx".
10:39:54:497 [04928] | INFO  | Successfully loaded "C:\ETS\bin\win_x64\reshade-shaders\Shaders\Levels.fx".
10:39:54:499 [04720] | INFO  | Successfully loaded "C:\ETS\bin\win_x64\reshade-shaders\Shaders\LevelsPlus.fx".
10:39:54:501 [04536] | INFO  | Successfully loaded "C:\ETS\bin\win_x64\reshade-shaders\Shaders\Technicolor.fx".
10:39:54:502 [08224] | INFO  | Successfully loaded "C:\ETS\bin\win_x64\reshade-shaders\Shaders\Technicolor2.fx".
10:39:54:505 [06808] | INFO  | Successfully loaded "C:\ETS\bin\win_x64\reshade-shaders\Shaders\Clarity.fx".
10:39:54:505 [07064] | INFO  | Successfully loaded "C:\ETS\bin\win_x64\reshade-shaders\Shaders\LumaSharpen.fx".
10:39:54:507 [05676] | INFO  | Successfully loaded "C:\ETS\bin\win_x64\reshade-shaders\Shaders\Vignette.fx".
10:39:54:854 [01036] | INFO  | Loading image files for textures ...
10:41:35:969 [01036] | INFO  | Redirecting IDXGISwapChain::SetFullscreenState(000001F700C80810, TRUE, 000001F700BE9E30) ...
10:41:35:990 [01036] | INFO  | Redirecting IDXGISwapChain::ResizeBuffers(000001F700C80810, 2, 1920, 1080, 0, 0x802) ...
10:41:35:991 [01036] | INFO  | Destroyed runtime environment on runtime 000001F700C47890.
10:41:36:009 [01036] | INFO  | Recreated runtime environment on runtime 000001F700C47890.
10:41:36:023 [08952] | INFO  | Successfully loaded "C:\ETS\bin\win_x64\reshade-shaders\Shaders\ColorMatrix.fx".
10:41:36:029 [02152] | INFO  | Successfully loaded "C:\ETS\bin\win_x64\reshade-shaders\Shaders\DPX.fx".
10:41:36:031 [04560] | INFO  | Successfully loaded "C:\ETS\bin\win_x64\reshade-shaders\Shaders\Colourfulness.fx".
10:41:36:034 [05776] | INFO  | Successfully loaded "C:\ETS\bin\win_x64\reshade-shaders\Shaders\FakeHDR.fx".
10:41:36:034 [04952] | INFO  | Successfully loaded "C:\ETS\bin\win_x64\reshade-shaders\Shaders\Levels.fx".
10:41:36:036 [06136] | INFO  | Successfully loaded "C:\ETS\bin\win_x64\reshade-shaders\Shaders\Clarity.fx".
10:41:36:038 [04236] | INFO  | Successfully loaded "C:\ETS\bin\win_x64\reshade-shaders\Shaders\LumaSharpen.fx".
10:41:36:039 [08288] | INFO  | Successfully loaded "C:\ETS\bin\win_x64\reshade-shaders\Shaders\LevelsPlus.fx".
10:41:36:041 [06180] | INFO  | Successfully loaded "C:\ETS\bin\win_x64\reshade-shaders\Shaders\Technicolor.fx".
10:41:36:042 [00840] | INFO  | Successfully loaded "C:\ETS\bin\win_x64\reshade-shaders\Shaders\Technicolor2.fx".
10:41:36:043 [05644] | INFO  | Successfully loaded "C:\ETS\bin\win_x64\reshade-shaders\Shaders\Vignette.fx".
10:41:36:199 [01036] | INFO  | Loading image files for textures ...
10:44:00:121 [01036] | INFO  | Redirecting IDXGISwapChain::SetFullscreenState(000001F700C80810, FALSE, 0000000000000000) ...
10:44:00:156 [01036] | INFO  | Destroyed runtime environment on runtime 000001F700C47890.
10:44:00:160 [01036] | WARN  | Reference count for IDXGIDevice1 object 000001F700BB67B0 is inconsistent: 2, but expected 1.
10:44:00:602 [01036] | INFO  | Exiting ...
10:44:00:602 [01036] | INFO  | Uninstalling 38 hook(s) ...
10:44:00:613 [01036] | INFO  | Exited.
