22:49:20:074 [06568] | INFO  | Initializing crosire's ReShade version '4.4.2.701' (64-bit) built on '2019-11-06 21:37:44' loaded from "C:\Euro Truck Simulator 2\bin\win_x64\dxgi.dll" to "C:\Euro Truck Simulator 2\bin\win_x64\eurotrucks2.exe" ...
22:49:20:105 [06568] | INFO  | Registering hooks for "user32.dll" ...
22:49:20:105 [06568] | INFO  | > Libraries loaded.
22:49:20:106 [06568] | INFO  | > Found 13 match(es). Installing ...
22:49:20:113 [06568] | INFO  | Registering hooks for "ws2_32.dll" ...
22:49:20:113 [06568] | INFO  | > Libraries loaded.
22:49:20:113 [06568] | INFO  | > Found 8 match(es). Installing ...
22:49:20:121 [06568] | INFO  | Registering hooks for "C:\Windows\system32\d3d9.dll" ...
22:49:20:121 [06568] | INFO  | > Delayed.
22:49:20:121 [06568] | INFO  | Registering hooks for "C:\Windows\system32\d3d10.dll" ...
22:49:20:122 [06568] | INFO  | > Delayed.
22:49:20:122 [06568] | INFO  | Registering hooks for "C:\Windows\system32\d3d10_1.dll" ...
22:49:20:122 [06568] | INFO  | > Delayed.
22:49:20:122 [06568] | INFO  | Registering hooks for "C:\Windows\system32\d3d11.dll" ...
22:49:20:122 [06568] | INFO  | > Libraries loaded.
22:49:20:122 [06568] | INFO  | > Found 2 match(es). Installing ...
22:49:20:129 [06568] | INFO  | Registering hooks for "C:\Windows\system32\d3d12.dll" ...
22:49:20:129 [06568] | INFO  | > Delayed.
22:49:20:129 [06568] | INFO  | Registering hooks for "C:\Windows\system32\dxgi.dll" ...
22:49:20:129 [06568] | INFO  | > Delayed until first call to an exported function.
22:49:20:129 [06568] | INFO  | Registering hooks for "C:\Windows\system32\opengl32.dll" ...
22:49:20:129 [06568] | INFO  | > Delayed.
22:49:20:129 [06568] | INFO  | Initialized.
22:49:20:132 [06568] | WARN  | Ignoring LoadLibrary("ext-ms-win-mininput-inputhost-l1-1-0.dll") call to avoid possible deadlock.
22:49:21:787 [00740] | INFO  | Redirecting RegisterClassW(lpWndClass = 00007FF7B94AC100 { prism3d }) ...
22:49:21:997 [00740] | INFO  | Redirecting D3D11CreateDevice(pAdapter = 0000000000000000, DriverType = 1, Software = 0000000000000000, Flags = 0, pFeatureLevels = 0000002FBB90ECA0, FeatureLevels = 1, SDKVersion = 7, ppDevice = 0000000000000000, pFeatureLevel = 0000002FBB90ECA8, ppImmediateContext = 0000000000000000) ...
22:49:21:997 [00740] | INFO  | > Passing on to D3D11CreateDeviceAndSwapChain:
22:49:21:997 [00740] | INFO  | Redirecting D3D11CreateDeviceAndSwapChain(pAdapter = 0000000000000000, DriverType = 1, Software = 0000000000000000, Flags = 0, pFeatureLevels = 0000002FBB90ECA0, FeatureLevels = 1, SDKVersion = 7, pSwapChainDesc = 0000000000000000, ppSwapChain = 0000000000000000, ppDevice = 0000000000000000, pFeatureLevel = 0000002FBB90ECA8, ppImmediateContext = 0000000000000000) ...
22:49:21:997 [00740] | INFO  | Redirecting CreateDXGIFactory2(Flags = 2147483648, riid = {7B7166EC-21C7-44AE-B21A-C9AE321AE369}, ppFactory = 0000002FBB90E438) ...
22:49:21:998 [00740] | INFO  | Installing export hooks for "C:\Windows\system32\dxgi.dll" ...
22:49:21:998 [00740] | INFO  | > Found 7 match(es). Installing ...
22:49:22:011 [00740] | INFO  | > Using feature level 0xa100.
22:49:22:021 [00740] | INFO  | Redirecting CreateDXGIFactory2(Flags = 0, riid = {7B7166EC-21C7-44AE-B21A-C9AE321AE369}, ppFactory = 00007FF7B94838E0) ...
22:49:22:028 [00740] | INFO  | Redirecting D3D11CreateDevice(pAdapter = 0000000000000000, DriverType = 1, Software = 0000000000000000, Flags = 0, pFeatureLevels = 0000002FBB90EB98, FeatureLevels = 1, SDKVersion = 7, ppDevice = 0000002FBB90EB40, pFeatureLevel = 0000002FBB90EB58, ppImmediateContext = 0000002FBB90EB48) ...
22:49:22:029 [00740] | INFO  | > Passing on to D3D11CreateDeviceAndSwapChain:
22:49:22:029 [00740] | INFO  | Redirecting D3D11CreateDeviceAndSwapChain(pAdapter = 0000000000000000, DriverType = 1, Software = 0000000000000000, Flags = 0, pFeatureLevels = 0000002FBB90EB98, FeatureLevels = 1, SDKVersion = 7, pSwapChainDesc = 0000000000000000, ppSwapChain = 0000000000000000, ppDevice = 0000002FBB90EB40, pFeatureLevel = 0000002FBB90EB58, ppImmediateContext = 0000002FBB90EB48) ...
22:49:22:029 [00740] | INFO  | Redirecting CreateDXGIFactory2(Flags = 2147483648, riid = {7B7166EC-21C7-44AE-B21A-C9AE321AE369}, ppFactory = 0000002FBB90E088) ...
22:49:22:036 [00740] | WARN  | D3D11CreateDeviceAndSwapChain failed with error code 0x887a0004 (The specified device interface or feature level is not supported on this system.
)!
22:49:22:036 [00740] | INFO  | Redirecting D3D11CreateDevice(pAdapter = 0000000000000000, DriverType = 1, Software = 0000000000000000, Flags = 0, pFeatureLevels = 0000002FBB90EBF0, FeatureLevels = 1, SDKVersion = 7, ppDevice = 0000019C58D92F58, pFeatureLevel = 0000019C58D93090, ppImmediateContext = 0000019C58D92F30) ...
22:49:22:036 [00740] | INFO  | > Passing on to D3D11CreateDeviceAndSwapChain:
22:49:22:036 [00740] | INFO  | Redirecting D3D11CreateDeviceAndSwapChain(pAdapter = 0000000000000000, DriverType = 1, Software = 0000000000000000, Flags = 0, pFeatureLevels = 0000002FBB90EBF0, FeatureLevels = 1, SDKVersion = 7, pSwapChainDesc = 0000000000000000, ppSwapChain = 0000000000000000, ppDevice = 0000019C58D92F58, pFeatureLevel = 0000019C58D93090, ppImmediateContext = 0000019C58D92F30) ...
22:49:22:036 [00740] | INFO  | Redirecting CreateDXGIFactory2(Flags = 2147483648, riid = {7B7166EC-21C7-44AE-B21A-C9AE321AE369}, ppFactory = 0000002FBB90E378) ...
22:49:22:043 [00740] | WARN  | D3D11CreateDeviceAndSwapChain failed with error code 0x887a0004 (The specified device interface or feature level is not supported on this system.
)!
22:49:22:046 [00740] | INFO  | Redirecting D3D11CreateDevice(pAdapter = 0000000000000000, DriverType = 1, Software = 0000000000000000, Flags = 0, pFeatureLevels = 0000002FBB90EB98, FeatureLevels = 1, SDKVersion = 7, ppDevice = 0000002FBB90EB40, pFeatureLevel = 0000002FBB90EB58, ppImmediateContext = 0000002FBB90EB48) ...
22:49:22:046 [00740] | INFO  | > Passing on to D3D11CreateDeviceAndSwapChain:
22:49:22:046 [00740] | INFO  | Redirecting D3D11CreateDeviceAndSwapChain(pAdapter = 0000000000000000, DriverType = 1, Software = 0000000000000000, Flags = 0, pFeatureLevels = 0000002FBB90EB98, FeatureLevels = 1, SDKVersion = 7, pSwapChainDesc = 0000000000000000, ppSwapChain = 0000000000000000, ppDevice = 0000002FBB90EB40, pFeatureLevel = 0000002FBB90EB58, ppImmediateContext = 0000002FBB90EB48) ...
22:49:22:046 [00740] | INFO  | Redirecting CreateDXGIFactory2(Flags = 2147483648, riid = {7B7166EC-21C7-44AE-B21A-C9AE321AE369}, ppFactory = 0000002FBB90E088) ...
22:49:22:053 [00740] | WARN  | D3D11CreateDeviceAndSwapChain failed with error code 0x887a0004 (The specified device interface or feature level is not supported on this system.
)!
22:49:22:053 [00740] | INFO  | Redirecting D3D11CreateDevice(pAdapter = 0000000000000000, DriverType = 1, Software = 0000000000000000, Flags = 0, pFeatureLevels = 0000002FBB90EBF0, FeatureLevels = 1, SDKVersion = 7, ppDevice = 0000019C58D92F58, pFeatureLevel = 0000019C58D93090, ppImmediateContext = 0000019C58D92F30) ...
22:49:22:053 [00740] | INFO  | > Passing on to D3D11CreateDeviceAndSwapChain:
22:49:22:053 [00740] | INFO  | Redirecting D3D11CreateDeviceAndSwapChain(pAdapter = 0000000000000000, DriverType = 1, Software = 0000000000000000, Flags = 0, pFeatureLevels = 0000002FBB90EBF0, FeatureLevels = 1, SDKVersion = 7, pSwapChainDesc = 0000000000000000, ppSwapChain = 0000000000000000, ppDevice = 0000019C58D92F58, pFeatureLevel = 0000019C58D93090, ppImmediateContext = 0000019C58D92F30) ...
22:49:22:054 [00740] | INFO  | Redirecting CreateDXGIFactory2(Flags = 2147483648, riid = {7B7166EC-21C7-44AE-B21A-C9AE321AE369}, ppFactory = 0000002FBB90E378) ...
22:49:22:061 [00740] | WARN  | D3D11CreateDeviceAndSwapChain failed with error code 0x887a0004 (The specified device interface or feature level is not supported on this system.
)!
22:49:22:064 [00740] | INFO  | Redirecting D3D11CreateDevice(pAdapter = 0000000000000000, DriverType = 1, Software = 0000000000000000, Flags = 0, pFeatureLevels = 0000002FBB90EB98, FeatureLevels = 1, SDKVersion = 7, ppDevice = 0000002FBB90EB40, pFeatureLevel = 0000002FBB90EB58, ppImmediateContext = 0000002FBB90EB48) ...
22:49:22:064 [00740] | INFO  | > Passing on to D3D11CreateDeviceAndSwapChain:
22:49:22:064 [00740] | INFO  | Redirecting D3D11CreateDeviceAndSwapChain(pAdapter = 0000000000000000, DriverType = 1, Software = 0000000000000000, Flags = 0, pFeatureLevels = 0000002FBB90EB98, FeatureLevels = 1, SDKVersion = 7, pSwapChainDesc = 0000000000000000, ppSwapChain = 0000000000000000, ppDevice = 0000002FBB90EB40, pFeatureLevel = 0000002FBB90EB58, ppImmediateContext = 0000002FBB90EB48) ...
22:49:22:064 [00740] | INFO  | Redirecting CreateDXGIFactory2(Flags = 2147483648, riid = {7B7166EC-21C7-44AE-B21A-C9AE321AE369}, ppFactory = 0000002FBB90E088) ...
22:49:22:078 [00740] | INFO  | > Using feature level 0xb100.
22:49:22:097 [00740] | INFO  | Redirecting IDXGIFactory2::CreateSwapChainForHwnd(this = 0000019C054A2510, pDevice = 0000019C05490900, hWnd = 0000000000050452, pDesc = 0000002FBB90EB30, pFullscreenDesc = 0000002FBB90EB80, pRestrictToOutput = 0000000000000000, ppSwapChain = 00007FF7B9483878) ...
22:49:22:097 [00740] | INFO  | > Dumping swap chain description:
22:49:22:097 [00740] | INFO  |   +-----------------------------------------+-----------------------------------------+
22:49:22:097 [00740] | INFO  |   | Parameter                               | Value                                   |
22:49:22:097 [00740] | INFO  |   +-----------------------------------------+-----------------------------------------+
22:49:22:097 [00740] | INFO  |   | Width                                   | 1920                                    |
22:49:22:097 [00740] | INFO  |   | Height                                  | 1080                                    |
22:49:22:097 [00740] | INFO  |   | Format                                  | 28                                      |
22:49:22:097 [00740] | INFO  |   | Stereo                                  | FALSE                                   |
22:49:22:097 [00740] | INFO  |   | SampleCount                             | 1                                       |
22:49:22:097 [00740] | INFO  |   | SampleQuality                           | 0                                       |
22:49:22:097 [00740] | INFO  |   | BufferUsage                             | 32                                      |
22:49:22:097 [00740] | INFO  |   | BufferCount                             | 2                                       |
22:49:22:097 [00740] | INFO  |   | Scaling                                 | 0                                       |
22:49:22:097 [00740] | INFO  |   | SwapEffect                              | 4                                       |
22:49:22:097 [00740] | INFO  |   | AlphaMode                               | 0                                       |
22:49:22:097 [00740] | INFO  |   | Flags                                   | 0                                       |
22:49:22:097 [00740] | INFO  |   +-----------------------------------------+-----------------------------------------+
22:49:22:461 [00740] | INFO  | Recreated runtime environment on runtime 0000019C05521060.
22:49:22:465 [00740] | INFO  | Redirecting IDXGISwapChain::SetFullscreenState(this = 0000019C055D7320, Fullscreen = TRUE, pTarget = 0000019C0551BE10) ...
22:49:22:493 [00740] | INFO  | Redirecting IDXGISwapChain::ResizeBuffers(this = 0000019C055D7320, BufferCount = 2, Width = 1920, Height = 1080, NewFormat = 0, SwapChainFlags = 0x2) ...
22:49:22:493 [00740] | INFO  | Destroyed runtime environment on runtime 0000019C05521060.
22:49:22:511 [00740] | INFO  | Recreated runtime environment on runtime 0000019C05521060.
22:49:22:537 [00740] | INFO  | Redirecting IDXGISwapChain::ResizeBuffers(this = 0000019C055D7320, BufferCount = 2, Width = 1920, Height = 1080, NewFormat = 0, SwapChainFlags = 0x2) ...
22:49:22:537 [00740] | INFO  | Destroyed runtime environment on runtime 0000019C05521060.
22:49:22:575 [00740] | INFO  | Recreated runtime environment on runtime 0000019C05521060.
22:49:22:902 [04524] | INFO  | Successfully loaded "C:\Euro Truck Simulator 2\bin\win_x64\reshade-shaders\Shaders\Technicolor.fx".
22:49:22:902 [07828] | INFO  | Successfully loaded "C:\Euro Truck Simulator 2\bin\win_x64\reshade-shaders\Shaders\FakeHDR.fx".
22:49:22:905 [08920] | INFO  | Successfully loaded "C:\Euro Truck Simulator 2\bin\win_x64\reshade-shaders\Shaders\Clarity.fx".
22:49:22:906 [04524] | INFO  | Successfully loaded "C:\Euro Truck Simulator 2\bin\win_x64\reshade-shaders\Shaders\Technicolor2.fx".
22:49:22:906 [07828] | INFO  | Successfully loaded "C:\Euro Truck Simulator 2\bin\win_x64\reshade-shaders\Shaders\Levels.fx".
22:49:22:908 [08920] | INFO  | Successfully loaded "C:\Euro Truck Simulator 2\bin\win_x64\reshade-shaders\Shaders\ColorMatrix.fx".
22:49:22:910 [04524] | INFO  | Successfully loaded "C:\Euro Truck Simulator 2\bin\win_x64\reshade-shaders\Shaders\Tonemap.fx".
22:49:22:911 [07828] | INFO  | Successfully loaded "C:\Euro Truck Simulator 2\bin\win_x64\reshade-shaders\Shaders\LevelsPlus.fx".
22:49:22:912 [08920] | INFO  | Successfully loaded "C:\Euro Truck Simulator 2\bin\win_x64\reshade-shaders\Shaders\Colourfulness.fx".
22:49:22:913 [04524] | INFO  | Successfully loaded "C:\Euro Truck Simulator 2\bin\win_x64\reshade-shaders\Shaders\Vignette.fx".
22:49:22:914 [07828] | INFO  | Successfully loaded "C:\Euro Truck Simulator 2\bin\win_x64\reshade-shaders\Shaders\LumaSharpen.fx".
22:49:22:916 [08920] | INFO  | Successfully loaded "C:\Euro Truck Simulator 2\bin\win_x64\reshade-shaders\Shaders\DPX.fx".
22:49:23:154 [00740] | INFO  | Loading image files for textures ...
